<?xml version="1.0" encoding="UTF-8"?>
<testsuite xmlns:xsi="http://www.w3.org/2001/XMLSchema-instance" xsi:noNamespaceSchemaLocation="https://maven.apache.org/surefire/maven-surefire-plugin/xsd/surefire-test-report-3.0.xsd" version="3.0" name="com.example.backend.BackendApplicationTests" time="13.28" tests="1" errors="0" skipped="0" failures="0">
  <properties>
    <property name="java.specification.version" value="23"/>
    <property name="sun.jnu.encoding" value="UTF-8"/>
    <property name="java.class.path" value="/Users/dmitrijmarmul/IdeaProjects/smart-estate/backend/target/test-classes:/Users/dmitrijmarmul/IdeaProjects/smart-estate/backend/target/classes:/Users/dmitrijmarmul/.m2/repository/org/springframework/boot/spring-boot-starter-data-jpa/3.3.5/spring-boot-starter-data-jpa-3.3.5.jar:/Users/dmitrijmarmul/.m2/repository/org/springframework/boot/spring-boot-starter-aop/3.3.5/spring-boot-starter-aop-3.3.5.jar:/Users/dmitrijmarmul/.m2/repository/org/aspectj/aspectjweaver/1.9.22.1/aspectjweaver-1.9.22.1.jar:/Users/dmitrijmarmul/.m2/repository/org/springframework/boot/spring-boot-starter-jdbc/3.3.5/spring-boot-starter-jdbc-3.3.5.jar:/Users/dmitrijmarmul/.m2/repository/com/zaxxer/HikariCP/5.1.0/HikariCP-5.1.0.jar:/Users/dmitrijmarmul/.m2/repository/org/springframework/spring-jdbc/6.1.14/spring-jdbc-6.1.14.jar:/Users/dmitrijmarmul/.m2/repository/org/hibernate/orm/hibernate-core/6.5.3.Final/hibernate-core-6.5.3.Final.jar:/Users/dmitrijmarmul/.m2/repository/jakarta/persistence/jakarta.persistence-api/3.1.0/jakarta.persistence-api-3.1.0.jar:/Users/dmitrijmarmul/.m2/repository/jakarta/transaction/jakarta.transaction-api/2.0.1/jakarta.transaction-api-2.0.1.jar:/Users/dmitrijmarmul/.m2/repository/org/jboss/logging/jboss-logging/3.5.3.Final/jboss-logging-3.5.3.Final.jar:/Users/dmitrijmarmul/.m2/repository/org/hibernate/common/hibernate-commons-annotations/6.0.6.Final/hibernate-commons-annotations-6.0.6.Final.jar:/Users/dmitrijmarmul/.m2/repository/io/smallrye/jandex/3.1.2/jandex-3.1.2.jar:/Users/dmitrijmarmul/.m2/repository/com/fasterxml/classmate/1.7.0/classmate-1.7.0.jar:/Users/dmitrijmarmul/.m2/repository/net/bytebuddy/byte-buddy/1.14.19/byte-buddy-1.14.19.jar:/Users/dmitrijmarmul/.m2/repository/org/glassfish/jaxb/jaxb-runtime/4.0.5/jaxb-runtime-4.0.5.jar:/Users/dmitrijmarmul/.m2/repository/org/glassfish/jaxb/jaxb-core/4.0.5/jaxb-core-4.0.5.jar:/Users/dmitrijmarmul/.m2/repository/org/eclipse/angus/angus-activation/2.0.2/angus-activation-2.0.2.jar:/Users/dmitrijmarmul/.m2/repository/org/glassfish/jaxb/txw2/4.0.5/txw2-4.0.5.jar:/Users/dmitrijmarmul/.m2/repository/com/sun/istack/istack-commons-runtime/4.1.2/istack-commons-runtime-4.1.2.jar:/Users/dmitrijmarmul/.m2/repository/jakarta/inject/jakarta.inject-api/2.0.1/jakarta.inject-api-2.0.1.jar:/Users/dmitrijmarmul/.m2/repository/org/antlr/antlr4-runtime/4.13.0/antlr4-runtime-4.13.0.jar:/Users/dmitrijmarmul/.m2/repository/org/springframework/data/spring-data-jpa/3.3.5/spring-data-jpa-3.3.5.jar:/Users/dmitrijmarmul/.m2/repository/org/springframework/data/spring-data-commons/3.3.5/spring-data-commons-3.3.5.jar:/Users/dmitrijmarmul/.m2/repository/org/springframework/spring-orm/6.1.14/spring-orm-6.1.14.jar:/Users/dmitrijmarmul/.m2/repository/org/springframework/spring-context/6.1.14/spring-context-6.1.14.jar:/Users/dmitrijmarmul/.m2/repository/org/springframework/spring-tx/6.1.14/spring-tx-6.1.14.jar:/Users/dmitrijmarmul/.m2/repository/org/springframework/spring-beans/6.1.14/spring-beans-6.1.14.jar:/Users/dmitrijmarmul/.m2/repository/jakarta/annotation/jakarta.annotation-api/2.1.1/jakarta.annotation-api-2.1.1.jar:/Users/dmitrijmarmul/.m2/repository/org/slf4j/slf4j-api/2.0.16/slf4j-api-2.0.16.jar:/Users/dmitrijmarmul/.m2/repository/org/springframework/spring-aspects/6.1.14/spring-aspects-6.1.14.jar:/Users/dmitrijmarmul/.m2/repository/org/springframework/boot/spring-boot-starter-security/3.3.5/spring-boot-starter-security-3.3.5.jar:/Users/dmitrijmarmul/.m2/repository/org/springframework/boot/spring-boot-starter/3.3.5/spring-boot-starter-3.3.5.jar:/Users/dmitrijmarmul/.m2/repository/org/springframework/boot/spring-boot/3.3.5/spring-boot-3.3.5.jar:/Users/dmitrijmarmul/.m2/repository/org/springframework/boot/spring-boot-autoconfigure/3.3.5/spring-boot-autoconfigure-3.3.5.jar:/Users/dmitrijmarmul/.m2/repository/org/springframework/boot/spring-boot-starter-logging/3.3.5/spring-boot-starter-logging-3.3.5.jar:/Users/dmitrijmarmul/.m2/repository/ch/qos/logback/logback-classic/1.5.11/logback-classic-1.5.11.jar:/Users/dmitrijmarmul/.m2/repository/ch/qos/logback/logback-core/1.5.11/logback-core-1.5.11.jar:/Users/dmitrijmarmul/.m2/repository/org/apache/logging/log4j/log4j-to-slf4j/2.23.1/log4j-to-slf4j-2.23.1.jar:/Users/dmitrijmarmul/.m2/repository/org/apache/logging/log4j/log4j-api/2.23.1/log4j-api-2.23.1.jar:/Users/dmitrijmarmul/.m2/repository/org/slf4j/jul-to-slf4j/2.0.16/jul-to-slf4j-2.0.16.jar:/Users/dmitrijmarmul/.m2/repository/org/yaml/snakeyaml/2.2/snakeyaml-2.2.jar:/Users/dmitrijmarmul/.m2/repository/org/springframework/spring-aop/6.1.14/spring-aop-6.1.14.jar:/Users/dmitrijmarmul/.m2/repository/org/springframework/security/spring-security-config/6.3.4/spring-security-config-6.3.4.jar:/Users/dmitrijmarmul/.m2/repository/org/springframework/security/spring-security-web/6.3.4/spring-security-web-6.3.4.jar:/Users/dmitrijmarmul/.m2/repository/org/springframework/spring-expression/6.1.14/spring-expression-6.1.14.jar:/Users/dmitrijmarmul/.m2/repository/org/springframework/boot/spring-boot-starter-web/3.3.5/spring-boot-starter-web-3.3.5.jar:/Users/dmitrijmarmul/.m2/repository/org/springframework/boot/spring-boot-starter-json/3.3.5/spring-boot-starter-json-3.3.5.jar:/Users/dmitrijmarmul/.m2/repository/com/fasterxml/jackson/core/jackson-databind/2.17.2/jackson-databind-2.17.2.jar:/Users/dmitrijmarmul/.m2/repository/com/fasterxml/jackson/core/jackson-annotations/2.17.2/jackson-annotations-2.17.2.jar:/Users/dmitrijmarmul/.m2/repository/com/fasterxml/jackson/core/jackson-core/2.17.2/jackson-core-2.17.2.jar:/Users/dmitrijmarmul/.m2/repository/com/fasterxml/jackson/datatype/jackson-datatype-jdk8/2.17.2/jackson-datatype-jdk8-2.17.2.jar:/Users/dmitrijmarmul/.m2/repository/com/fasterxml/jackson/datatype/jackson-datatype-jsr310/2.17.2/jackson-datatype-jsr310-2.17.2.jar:/Users/dmitrijmarmul/.m2/repository/com/fasterxml/jackson/module/jackson-module-parameter-names/2.17.2/jackson-module-parameter-names-2.17.2.jar:/Users/dmitrijmarmul/.m2/repository/org/springframework/boot/spring-boot-starter-tomcat/3.3.5/spring-boot-starter-tomcat-3.3.5.jar:/Users/dmitrijmarmul/.m2/repository/org/apache/tomcat/embed/tomcat-embed-core/10.1.31/tomcat-embed-core-10.1.31.jar:/Users/dmitrijmarmul/.m2/repository/org/apache/tomcat/embed/tomcat-embed-el/10.1.31/tomcat-embed-el-10.1.31.jar:/Users/dmitrijmarmul/.m2/repository/org/apache/tomcat/embed/tomcat-embed-websocket/10.1.31/tomcat-embed-websocket-10.1.31.jar:/Users/dmitrijmarmul/.m2/repository/org/springframework/spring-web/6.1.14/spring-web-6.1.14.jar:/Users/dmitrijmarmul/.m2/repository/io/micrometer/micrometer-observation/1.13.6/micrometer-observation-1.13.6.jar:/Users/dmitrijmarmul/.m2/repository/io/micrometer/micrometer-commons/1.13.6/micrometer-commons-1.13.6.jar:/Users/dmitrijmarmul/.m2/repository/org/springframework/spring-webmvc/6.1.14/spring-webmvc-6.1.14.jar:/Users/dmitrijmarmul/.m2/repository/org/projectlombok/lombok/1.18.34/lombok-1.18.34.jar:/Users/dmitrijmarmul/.m2/repository/org/springframework/boot/spring-boot-starter-test/3.3.5/spring-boot-starter-test-3.3.5.jar:/Users/dmitrijmarmul/.m2/repository/org/springframework/boot/spring-boot-test/3.3.5/spring-boot-test-3.3.5.jar:/Users/dmitrijmarmul/.m2/repository/org/springframework/boot/spring-boot-test-autoconfigure/3.3.5/spring-boot-test-autoconfigure-3.3.5.jar:/Users/dmitrijmarmul/.m2/repository/com/jayway/jsonpath/json-path/2.9.0/json-path-2.9.0.jar:/Users/dmitrijmarmul/.m2/repository/jakarta/xml/bind/jakarta.xml.bind-api/4.0.2/jakarta.xml.bind-api-4.0.2.jar:/Users/dmitrijmarmul/.m2/repository/jakarta/activation/jakarta.activation-api/2.1.3/jakarta.activation-api-2.1.3.jar:/Users/dmitrijmarmul/.m2/repository/net/minidev/json-smart/2.5.1/json-smart-2.5.1.jar:/Users/dmitrijmarmul/.m2/repository/net/minidev/accessors-smart/2.5.1/accessors-smart-2.5.1.jar:/Users/dmitrijmarmul/.m2/repository/org/ow2/asm/asm/9.6/asm-9.6.jar:/Users/dmitrijmarmul/.m2/repository/org/assertj/assertj-core/3.25.3/assertj-core-3.25.3.jar:/Users/dmitrijmarmul/.m2/repository/org/awaitility/awaitility/4.2.2/awaitility-4.2.2.jar:/Users/dmitrijmarmul/.m2/repository/org/hamcrest/hamcrest/2.2/hamcrest-2.2.jar:/Users/dmitrijmarmul/.m2/repository/org/junit/jupiter/junit-jupiter/5.10.5/junit-jupiter-5.10.5.jar:/Users/dmitrijmarmul/.m2/repository/org/junit/jupiter/junit-jupiter-api/5.10.5/junit-jupiter-api-5.10.5.jar:/Users/dmitrijmarmul/.m2/repository/org/opentest4j/opentest4j/1.3.0/opentest4j-1.3.0.jar:/Users/dmitrijmarmul/.m2/repository/org/junit/platform/junit-platform-commons/1.10.5/junit-platform-commons-1.10.5.jar:/Users/dmitrijmarmul/.m2/repository/org/apiguardian/apiguardian-api/1.1.2/apiguardian-api-1.1.2.jar:/Users/dmitrijmarmul/.m2/repository/org/junit/jupiter/junit-jupiter-params/5.10.5/junit-jupiter-params-5.10.5.jar:/Users/dmitrijmarmul/.m2/repository/org/junit/jupiter/junit-jupiter-engine/5.10.5/junit-jupiter-engine-5.10.5.jar:/Users/dmitrijmarmul/.m2/repository/org/junit/platform/junit-platform-engine/1.10.5/junit-platform-engine-1.10.5.jar:/Users/dmitrijmarmul/.m2/repository/org/mockito/mockito-core/5.11.0/mockito-core-5.11.0.jar:/Users/dmitrijmarmul/.m2/repository/net/bytebuddy/byte-buddy-agent/1.14.19/byte-buddy-agent-1.14.19.jar:/Users/dmitrijmarmul/.m2/repository/org/objenesis/objenesis/3.3/objenesis-3.3.jar:/Users/dmitrijmarmul/.m2/repository/org/mockito/mockito-junit-jupiter/5.11.0/mockito-junit-jupiter-5.11.0.jar:/Users/dmitrijmarmul/.m2/repository/org/skyscreamer/jsonassert/1.5.3/jsonassert-1.5.3.jar:/Users/dmitrijmarmul/.m2/repository/com/vaadin/external/google/android-json/0.0.20131108.vaadin1/android-json-0.0.20131108.vaadin1.jar:/Users/dmitrijmarmul/.m2/repository/org/springframework/spring-core/6.1.14/spring-core-6.1.14.jar:/Users/dmitrijmarmul/.m2/repository/org/springframework/spring-jcl/6.1.14/spring-jcl-6.1.14.jar:/Users/dmitrijmarmul/.m2/repository/org/springframework/spring-test/6.1.14/spring-test-6.1.14.jar:/Users/dmitrijmarmul/.m2/repository/org/xmlunit/xmlunit-core/2.9.1/xmlunit-core-2.9.1.jar:/Users/dmitrijmarmul/.m2/repository/org/springframework/security/spring-security-test/6.3.4/spring-security-test-6.3.4.jar:/Users/dmitrijmarmul/.m2/repository/org/springframework/security/spring-security-core/6.3.4/spring-security-core-6.3.4.jar:/Users/dmitrijmarmul/.m2/repository/org/springframework/security/spring-security-crypto/6.3.4/spring-security-crypto-6.3.4.jar:/Users/dmitrijmarmul/.m2/repository/org/postgresql/postgresql/42.7.3/postgresql-42.7.3.jar:/Users/dmitrijmarmul/.m2/repository/org/checkerframework/checker-qual/3.42.0/checker-qual-3.42.0.jar:"/>
    <property name="java.vm.vendor" value="Oracle Corporation"/>
    <property name="sun.arch.data.model" value="64"/>
    <property name="java.vendor.url" value="https://java.oracle.com/"/>
    <property name="user.timezone" value="Europe/Kiev"/>
    <property name="org.jboss.logging.provider" value="slf4j"/>
    <property name="os.name" value="Mac OS X"/>
    <property name="java.vm.specification.version" value="23"/>
    <property name="sun.java.launcher" value="SUN_STANDARD"/>
    <property name="user.country" value="UA"/>
    <property name="sun.boot.library.path" value="/Users/dmitrijmarmul/Library/Java/JavaVirtualMachines/openjdk-23.0.1/Contents/Home/lib"/>
    <property name="sun.java.command" value="/Users/dmitrijmarmul/IdeaProjects/smart-estate/backend/target/surefire/surefirebooter-20241121130247765_3.jar /Users/dmitrijmarmul/IdeaProjects/smart-estate/backend/target/surefire 2024-11-21T13-02-47_609-jvmRun1 surefire-20241121130247765_1tmp surefire_0-20241121130247765_2tmp"/>
    <property name="http.nonProxyHosts" value="local|*.local|169.254/16|*.169.254/16"/>
    <property name="jdk.debug" value="release"/>
    <property name="surefire.test.class.path" value="/Users/dmitrijmarmul/IdeaProjects/smart-estate/backend/target/test-classes:/Users/dmitrijmarmul/IdeaProjects/smart-estate/backend/target/classes:/Users/dmitrijmarmul/.m2/repository/org/springframework/boot/spring-boot-starter-data-jpa/3.3.5/spring-boot-starter-data-jpa-3.3.5.jar:/Users/dmitrijmarmul/.m2/repository/org/springframework/boot/spring-boot-starter-aop/3.3.5/spring-boot-starter-aop-3.3.5.jar:/Users/dmitrijmarmul/.m2/repository/org/aspectj/aspectjweaver/1.9.22.1/aspectjweaver-1.9.22.1.jar:/Users/dmitrijmarmul/.m2/repository/org/springframework/boot/spring-boot-starter-jdbc/3.3.5/spring-boot-starter-jdbc-3.3.5.jar:/Users/dmitrijmarmul/.m2/repository/com/zaxxer/HikariCP/5.1.0/HikariCP-5.1.0.jar:/Users/dmitrijmarmul/.m2/repository/org/springframework/spring-jdbc/6.1.14/spring-jdbc-6.1.14.jar:/Users/dmitrijmarmul/.m2/repository/org/hibernate/orm/hibernate-core/6.5.3.Final/hibernate-core-6.5.3.Final.jar:/Users/dmitrijmarmul/.m2/repository/jakarta/persistence/jakarta.persistence-api/3.1.0/jakarta.persistence-api-3.1.0.jar:/Users/dmitrijmarmul/.m2/repository/jakarta/transaction/jakarta.transaction-api/2.0.1/jakarta.transaction-api-2.0.1.jar:/Users/dmitrijmarmul/.m2/repository/org/jboss/logging/jboss-logging/3.5.3.Final/jboss-logging-3.5.3.Final.jar:/Users/dmitrijmarmul/.m2/repository/org/hibernate/common/hibernate-commons-annotations/6.0.6.Final/hibernate-commons-annotations-6.0.6.Final.jar:/Users/dmitrijmarmul/.m2/repository/io/smallrye/jandex/3.1.2/jandex-3.1.2.jar:/Users/dmitrijmarmul/.m2/repository/com/fasterxml/classmate/1.7.0/classmate-1.7.0.jar:/Users/dmitrijmarmul/.m2/repository/net/bytebuddy/byte-buddy/1.14.19/byte-buddy-1.14.19.jar:/Users/dmitrijmarmul/.m2/repository/org/glassfish/jaxb/jaxb-runtime/4.0.5/jaxb-runtime-4.0.5.jar:/Users/dmitrijmarmul/.m2/repository/org/glassfish/jaxb/jaxb-core/4.0.5/jaxb-core-4.0.5.jar:/Users/dmitrijmarmul/.m2/repository/org/eclipse/angus/angus-activation/2.0.2/angus-activation-2.0.2.jar:/Users/dmitrijmarmul/.m2/repository/org/glassfish/jaxb/txw2/4.0.5/txw2-4.0.5.jar:/Users/dmitrijmarmul/.m2/repository/com/sun/istack/istack-commons-runtime/4.1.2/istack-commons-runtime-4.1.2.jar:/Users/dmitrijmarmul/.m2/repository/jakarta/inject/jakarta.inject-api/2.0.1/jakarta.inject-api-2.0.1.jar:/Users/dmitrijmarmul/.m2/repository/org/antlr/antlr4-runtime/4.13.0/antlr4-runtime-4.13.0.jar:/Users/dmitrijmarmul/.m2/repository/org/springframework/data/spring-data-jpa/3.3.5/spring-data-jpa-3.3.5.jar:/Users/dmitrijmarmul/.m2/repository/org/springframework/data/spring-data-commons/3.3.5/spring-data-commons-3.3.5.jar:/Users/dmitrijmarmul/.m2/repository/org/springframework/spring-orm/6.1.14/spring-orm-6.1.14.jar:/Users/dmitrijmarmul/.m2/repository/org/springframework/spring-context/6.1.14/spring-context-6.1.14.jar:/Users/dmitrijmarmul/.m2/repository/org/springframework/spring-tx/6.1.14/spring-tx-6.1.14.jar:/Users/dmitrijmarmul/.m2/repository/org/springframework/spring-beans/6.1.14/spring-beans-6.1.14.jar:/Users/dmitrijmarmul/.m2/repository/jakarta/annotation/jakarta.annotation-api/2.1.1/jakarta.annotation-api-2.1.1.jar:/Users/dmitrijmarmul/.m2/repository/org/slf4j/slf4j-api/2.0.16/slf4j-api-2.0.16.jar:/Users/dmitrijmarmul/.m2/repository/org/springframework/spring-aspects/6.1.14/spring-aspects-6.1.14.jar:/Users/dmitrijmarmul/.m2/repository/org/springframework/boot/spring-boot-starter-security/3.3.5/spring-boot-starter-security-3.3.5.jar:/Users/dmitrijmarmul/.m2/repository/org/springframework/boot/spring-boot-starter/3.3.5/spring-boot-starter-3.3.5.jar:/Users/dmitrijmarmul/.m2/repository/org/springframework/boot/spring-boot/3.3.5/spring-boot-3.3.5.jar:/Users/dmitrijmarmul/.m2/repository/org/springframework/boot/spring-boot-autoconfigure/3.3.5/spring-boot-autoconfigure-3.3.5.jar:/Users/dmitrijmarmul/.m2/repository/org/springframework/boot/spring-boot-starter-logging/3.3.5/spring-boot-starter-logging-3.3.5.jar:/Users/dmitrijmarmul/.m2/repository/ch/qos/logback/logback-classic/1.5.11/logback-classic-1.5.11.jar:/Users/dmitrijmarmul/.m2/repository/ch/qos/logback/logback-core/1.5.11/logback-core-1.5.11.jar:/Users/dmitrijmarmul/.m2/repository/org/apache/logging/log4j/log4j-to-slf4j/2.23.1/log4j-to-slf4j-2.23.1.jar:/Users/dmitrijmarmul/.m2/repository/org/apache/logging/log4j/log4j-api/2.23.1/log4j-api-2.23.1.jar:/Users/dmitrijmarmul/.m2/repository/org/slf4j/jul-to-slf4j/2.0.16/jul-to-slf4j-2.0.16.jar:/Users/dmitrijmarmul/.m2/repository/org/yaml/snakeyaml/2.2/snakeyaml-2.2.jar:/Users/dmitrijmarmul/.m2/repository/org/springframework/spring-aop/6.1.14/spring-aop-6.1.14.jar:/Users/dmitrijmarmul/.m2/repository/org/springframework/security/spring-security-config/6.3.4/spring-security-config-6.3.4.jar:/Users/dmitrijmarmul/.m2/repository/org/springframework/security/spring-security-web/6.3.4/spring-security-web-6.3.4.jar:/Users/dmitrijmarmul/.m2/repository/org/springframework/spring-expression/6.1.14/spring-expression-6.1.14.jar:/Users/dmitrijmarmul/.m2/repository/org/springframework/boot/spring-boot-starter-web/3.3.5/spring-boot-starter-web-3.3.5.jar:/Users/dmitrijmarmul/.m2/repository/org/springframework/boot/spring-boot-starter-json/3.3.5/spring-boot-starter-json-3.3.5.jar:/Users/dmitrijmarmul/.m2/repository/com/fasterxml/jackson/core/jackson-databind/2.17.2/jackson-databind-2.17.2.jar:/Users/dmitrijmarmul/.m2/repository/com/fasterxml/jackson/core/jackson-annotations/2.17.2/jackson-annotations-2.17.2.jar:/Users/dmitrijmarmul/.m2/repository/com/fasterxml/jackson/core/jackson-core/2.17.2/jackson-core-2.17.2.jar:/Users/dmitrijmarmul/.m2/repository/com/fasterxml/jackson/datatype/jackson-datatype-jdk8/2.17.2/jackson-datatype-jdk8-2.17.2.jar:/Users/dmitrijmarmul/.m2/repository/com/fasterxml/jackson/datatype/jackson-datatype-jsr310/2.17.2/jackson-datatype-jsr310-2.17.2.jar:/Users/dmitrijmarmul/.m2/repository/com/fasterxml/jackson/module/jackson-module-parameter-names/2.17.2/jackson-module-parameter-names-2.17.2.jar:/Users/dmitrijmarmul/.m2/repository/org/springframework/boot/spring-boot-starter-tomcat/3.3.5/spring-boot-starter-tomcat-3.3.5.jar:/Users/dmitrijmarmul/.m2/repository/org/apache/tomcat/embed/tomcat-embed-core/10.1.31/tomcat-embed-core-10.1.31.jar:/Users/dmitrijmarmul/.m2/repository/org/apache/tomcat/embed/tomcat-embed-el/10.1.31/tomcat-embed-el-10.1.31.jar:/Users/dmitrijmarmul/.m2/repository/org/apache/tomcat/embed/tomcat-embed-websocket/10.1.31/tomcat-embed-websocket-10.1.31.jar:/Users/dmitrijmarmul/.m2/repository/org/springframework/spring-web/6.1.14/spring-web-6.1.14.jar:/Users/dmitrijmarmul/.m2/repository/io/micrometer/micrometer-observation/1.13.6/micrometer-observation-1.13.6.jar:/Users/dmitrijmarmul/.m2/repository/io/micrometer/micrometer-commons/1.13.6/micrometer-commons-1.13.6.jar:/Users/dmitrijmarmul/.m2/repository/org/springframework/spring-webmvc/6.1.14/spring-webmvc-6.1.14.jar:/Users/dmitrijmarmul/.m2/repository/org/projectlombok/lombok/1.18.34/lombok-1.18.34.jar:/Users/dmitrijmarmul/.m2/repository/org/springframework/boot/spring-boot-starter-test/3.3.5/spring-boot-starter-test-3.3.5.jar:/Users/dmitrijmarmul/.m2/repository/org/springframework/boot/spring-boot-test/3.3.5/spring-boot-test-3.3.5.jar:/Users/dmitrijmarmul/.m2/repository/org/springframework/boot/spring-boot-test-autoconfigure/3.3.5/spring-boot-test-autoconfigure-3.3.5.jar:/Users/dmitrijmarmul/.m2/repository/com/jayway/jsonpath/json-path/2.9.0/json-path-2.9.0.jar:/Users/dmitrijmarmul/.m2/repository/jakarta/xml/bind/jakarta.xml.bind-api/4.0.2/jakarta.xml.bind-api-4.0.2.jar:/Users/dmitrijmarmul/.m2/repository/jakarta/activation/jakarta.activation-api/2.1.3/jakarta.activation-api-2.1.3.jar:/Users/dmitrijmarmul/.m2/repository/net/minidev/json-smart/2.5.1/json-smart-2.5.1.jar:/Users/dmitrijmarmul/.m2/repository/net/minidev/accessors-smart/2.5.1/accessors-smart-2.5.1.jar:/Users/dmitrijmarmul/.m2/repository/org/ow2/asm/asm/9.6/asm-9.6.jar:/Users/dmitrijmarmul/.m2/repository/org/assertj/assertj-core/3.25.3/assertj-core-3.25.3.jar:/Users/dmitrijmarmul/.m2/repository/org/awaitility/awaitility/4.2.2/awaitility-4.2.2.jar:/Users/dmitrijmarmul/.m2/repository/org/hamcrest/hamcrest/2.2/hamcrest-2.2.jar:/Users/dmitrijmarmul/.m2/repository/org/junit/jupiter/junit-jupiter/5.10.5/junit-jupiter-5.10.5.jar:/Users/dmitrijmarmul/.m2/repository/org/junit/jupiter/junit-jupiter-api/5.10.5/junit-jupiter-api-5.10.5.jar:/Users/dmitrijmarmul/.m2/repository/org/opentest4j/opentest4j/1.3.0/opentest4j-1.3.0.jar:/Users/dmitrijmarmul/.m2/repository/org/junit/platform/junit-platform-commons/1.10.5/junit-platform-commons-1.10.5.jar:/Users/dmitrijmarmul/.m2/repository/org/apiguardian/apiguardian-api/1.1.2/apiguardian-api-1.1.2.jar:/Users/dmitrijmarmul/.m2/repository/org/junit/jupiter/junit-jupiter-params/5.10.5/junit-jupiter-params-5.10.5.jar:/Users/dmitrijmarmul/.m2/repository/org/junit/jupiter/junit-jupiter-engine/5.10.5/junit-jupiter-engine-5.10.5.jar:/Users/dmitrijmarmul/.m2/repository/org/junit/platform/junit-platform-engine/1.10.5/junit-platform-engine-1.10.5.jar:/Users/dmitrijmarmul/.m2/repository/org/mockito/mockito-core/5.11.0/mockito-core-5.11.0.jar:/Users/dmitrijmarmul/.m2/repository/net/bytebuddy/byte-buddy-agent/1.14.19/byte-buddy-agent-1.14.19.jar:/Users/dmitrijmarmul/.m2/repository/org/objenesis/objenesis/3.3/objenesis-3.3.jar:/Users/dmitrijmarmul/.m2/repository/org/mockito/mockito-junit-jupiter/5.11.0/mockito-junit-jupiter-5.11.0.jar:/Users/dmitrijmarmul/.m2/repository/org/skyscreamer/jsonassert/1.5.3/jsonassert-1.5.3.jar:/Users/dmitrijmarmul/.m2/repository/com/vaadin/external/google/android-json/0.0.20131108.vaadin1/android-json-0.0.20131108.vaadin1.jar:/Users/dmitrijmarmul/.m2/repository/org/springframework/spring-core/6.1.14/spring-core-6.1.14.jar:/Users/dmitrijmarmul/.m2/repository/org/springframework/spring-jcl/6.1.14/spring-jcl-6.1.14.jar:/Users/dmitrijmarmul/.m2/repository/org/springframework/spring-test/6.1.14/spring-test-6.1.14.jar:/Users/dmitrijmarmul/.m2/repository/org/xmlunit/xmlunit-core/2.9.1/xmlunit-core-2.9.1.jar:/Users/dmitrijmarmul/.m2/repository/org/springframework/security/spring-security-test/6.3.4/spring-security-test-6.3.4.jar:/Users/dmitrijmarmul/.m2/repository/org/springframework/security/spring-security-core/6.3.4/spring-security-core-6.3.4.jar:/Users/dmitrijmarmul/.m2/repository/org/springframework/security/spring-security-crypto/6.3.4/spring-security-crypto-6.3.4.jar:/Users/dmitrijmarmul/.m2/repository/org/postgresql/postgresql/42.7.3/postgresql-42.7.3.jar:/Users/dmitrijmarmul/.m2/repository/org/checkerframework/checker-qual/3.42.0/checker-qual-3.42.0.jar:"/>
    <property name="sun.cpu.endian" value="little"/>
    <property name="user.home" value="/Users/dmitrijmarmul"/>
    <property name="user.language" value="ru"/>
    <property name="java.specification.vendor" value="Oracle Corporation"/>
    <property name="java.version.date" value="2024-10-15"/>
    <property name="java.home" value="/Users/dmitrijmarmul/Library/Java/JavaVirtualMachines/openjdk-23.0.1/Contents/Home"/>
    <property name="file.separator" value="/"/>
    <property name="basedir" value="/Users/dmitrijmarmul/IdeaProjects/smart-estate/backend"/>
    <property name="java.vm.compressedOopsMode" value="Zero based"/>
    <property name="line.separator" value="&#10;"/>
    <property name="java.vm.specification.vendor" value="Oracle Corporation"/>
    <property name="java.specification.name" value="Java Platform API Specification"/>
    <property name="FILE_LOG_CHARSET" value="UTF-8"/>
    <property name="java.awt.headless" value="true"/>
    <property name="apple.awt.application.name" value="ForkedBooter"/>
    <property name="surefire.real.class.path" value="/Users/dmitrijmarmul/IdeaProjects/smart-estate/backend/target/surefire/surefirebooter-20241121130247765_3.jar"/>
    <property name="sun.management.compiler" value="HotSpot 64-Bit Tiered Compilers"/>
    <property name="ftp.nonProxyHosts" value="local|*.local|169.254/16|*.169.254/16"/>
    <property name="java.runtime.version" value="23.0.1+11-39"/>
    <property name="user.name" value="dmitrijmarmul"/>
    <property name="stdout.encoding" value="UTF-8"/>
    <property name="path.separator" value=":"/>
    <property name="os.version" value="12.7.4"/>
    <property name="java.runtime.name" value="OpenJDK Runtime Environment"/>
    <property name="file.encoding" value="UTF-8"/>
    <property name="java.vm.name" value="OpenJDK 64-Bit Server VM"/>
    <property name="localRepository" value="/Users/dmitrijmarmul/.m2/repository"/>
    <property name="java.vendor.url.bug" value="https://bugreport.java.com/bugreport/"/>
    <property name="java.io.tmpdir" value="/var/folders/_r/3lystg6d2mdg2m7_47yzygh00000gn/T/"/>
    <property name="com.zaxxer.hikari.pool_number" value="1"/>
    <property name="java.version" value="23.0.1"/>
    <property name="user.dir" value="/Users/dmitrijmarmul/IdeaProjects/smart-estate/backend"/>
    <property name="os.arch" value="x86_64"/>
    <property name="java.vm.specification.name" value="Java Virtual Machine Specification"/>
    <property name="PID" value="58884"/>
    <property name="CONSOLE_LOG_CHARSET" value="UTF-8"/>
    <property name="native.encoding" value="UTF-8"/>
    <property name="java.library.path" value="/Users/dmitrijmarmul/Library/Java/Extensions:/Library/Java/Extensions:/Network/Library/Java/Extensions:/System/Library/Java/Extensions:/usr/lib/java:."/>
    <property name="java.vm.info" value="mixed mode, sharing"/>
    <property name="stderr.encoding" value="UTF-8"/>
    <property name="java.vendor" value="Oracle Corporation"/>
    <property name="java.vm.version" value="23.0.1+11-39"/>
    <property name="sun.io.unicode.encoding" value="UnicodeBig"/>
    <property name="socksNonProxyHosts" value="local|*.local|169.254/16|*.169.254/16"/>
    <property name="java.class.version" value="67.0"/>
  </properties>
  <testcase name="contextLoads" classname="com.example.backend.BackendApplicationTests" time="1.619">
    <system-out><![CDATA[13:02:49.143 [main] INFO org.springframework.test.context.support.AnnotationConfigContextLoaderUtils -- Could not detect default configuration classes for test class [com.example.backend.BackendApplicationTests]: BackendApplicationTests does not declare any static, non-private, non-final, nested classes annotated with @Configuration.
13:02:49.463 [main] INFO org.springframework.boot.test.context.SpringBootTestContextBootstrapper -- Found @SpringBootConfiguration com.example.backend.BackendApplication for test class com.example.backend.BackendApplicationTests

  .   ____          _            __ _ _
 /\\ / ___'_ __ _ _(_)_ __  __ _ \ \ \ \
( ( )\___ | '_ | '_| | '_ \/ _` | \ \ \ \
 \\/  ___)| |_)| | | | | || (_| |  ) ) ) )
  '  |____| .__|_| |_|_| |_\__, | / / / /
 =========|_|==============|___/=/_/_/_/

 :: Spring Boot ::                (v3.3.5)

2024-11-21T13:02:50.232+02:00  INFO 58884 --- [           main] c.e.backend.BackendApplicationTests      : Starting BackendApplicationTests using Java 23.0.1 with PID 58884 (started by dmitrijmarmul in /Users/dmitrijmarmul/IdeaProjects/smart-estate/backend)
2024-11-21T13:02:50.234+02:00  INFO 58884 --- [           main] c.e.backend.BackendApplicationTests      : No active profile set, falling back to 1 default profile: "default"
2024-11-21T13:02:52.068+02:00  INFO 58884 --- [           main] .s.d.r.c.RepositoryConfigurationDelegate : Bootstrapping Spring Data JPA repositories in DEFAULT mode.
2024-11-21T13:02:52.164+02:00  INFO 58884 --- [           main] .s.d.r.c.RepositoryConfigurationDelegate : Finished Spring Data repository scanning in 51 ms. Found 0 JPA repository interfaces.
2024-11-21T13:02:55.805+02:00  INFO 58884 --- [           main] o.hibernate.jpa.internal.util.LogHelper  : HHH000204: Processing PersistenceUnitInfo [name: default]
2024-11-21T13:02:56.177+02:00  INFO 58884 --- [           main] org.hibernate.Version                    : HHH000412: Hibernate ORM core version 6.5.3.Final
2024-11-21T13:02:56.414+02:00  INFO 58884 --- [           main] o.h.c.internal.RegionFactoryInitiator    : HHH000026: Second-level cache disabled
2024-11-21T13:02:57.479+02:00  INFO 58884 --- [           main] o.s.o.j.p.SpringPersistenceUnitInfo      : No LoadTimeWeaver setup: ignoring JPA class transformer
2024-11-21T13:02:57.526+02:00  INFO 58884 --- [           main] com.zaxxer.hikari.HikariDataSource       : HikariPool-1 - Starting...
2024-11-21T13:02:57.717+02:00  INFO 58884 --- [           main] com.zaxxer.hikari.pool.HikariPool        : HikariPool-1 - Added connection org.postgresql.jdbc.PgConnection@65e4cb84
2024-11-21T13:02:57.719+02:00  INFO 58884 --- [           main] com.zaxxer.hikari.HikariDataSource       : HikariPool-1 - Start completed.
2024-11-21T13:02:58.487+02:00  INFO 58884 --- [           main] o.h.e.t.j.p.i.JtaPlatformInitiator       : HHH000489: No JTA platform available (set 'hibernate.transaction.jta.platform' to enable JTA platform integration)
2024-11-21T13:02:58.498+02:00  INFO 58884 --- [           main] j.LocalContainerEntityManagerFactoryBean : Initialized JPA EntityManagerFactory for persistence unit 'default'
2024-11-21T13:02:58.661+02:00  WARN 58884 --- [           main] .s.s.UserDetailsServiceAutoConfiguration : 

Using generated security password: ba7a09d0-6db3-4ebd-8976-ea4348bdfd0d

This generated password is for development use only. Your security configuration must be updated before running your application in production.

2024-11-21T13:02:58.698+02:00  INFO 58884 --- [           main] r$InitializeUserDetailsManagerConfigurer : Global AuthenticationManager configured with UserDetailsService bean with name inMemoryUserDetailsManager
2024-11-21T13:03:00.236+02:00  INFO 58884 --- [           main] c.e.backend.BackendApplicationTests      : Started BackendApplicationTests in 10.509 seconds (process running for 12.347)
]]></system-out>
    <system-err><![CDATA[WARNING: A Java agent has been loaded dynamically (/Users/dmitrijmarmul/.m2/repository/net/bytebuddy/byte-buddy-agent/1.14.19/byte-buddy-agent-1.14.19.jar)
WARNING: If a serviceability tool is in use, please run with -XX:+EnableDynamicAgentLoading to hide this warning
WARNING: If a serviceability tool is not in use, please run with -Djdk.instrument.traceUsage for more information
WARNING: Dynamic loading of agents will be disallowed by default in a future release
]]></system-err>
  </testcase>
</testsuite>